[08-Nov-2025 12:29:22 UTC] PHP Fatal error:  Uncaught mysqli_sql_exception: Table 'lagos.top_bar_info' doesn't exist in /var/www/html/header_user.php:10
Stack trace:
#0 /var/www/html/header_user.php(10): mysqli_query(Object(mysqli), 'SELECT message ...')
#1 /var/www/html/index.php(188): include('/var/www/html/h...')
#2 {main}
  thrown in /var/www/html/header_user.php on line 10
[08-Nov-2025 12:29:30 UTC] PHP Fatal error:  Uncaught mysqli_sql_exception: Table 'lagos.top_bar_info' doesn't exist in /var/www/html/header_user.php:10
Stack trace:
#0 /var/www/html/header_user.php(10): mysqli_query(Object(mysqli), 'SELECT message ...')
#1 /var/www/html/index.php(188): include('/var/www/html/h...')
#2 {main}
  thrown in /var/www/html/header_user.php on line 10
[08-Nov-2025 12:30:29 UTC] PHP Fatal error:  Uncaught mysqli_sql_exception: Table 'lagos.top_bar_info' doesn't exist in /var/www/html/header_user.php:10
Stack trace:
#0 /var/www/html/header_user.php(10): mysqli_query(Object(mysqli), 'SELECT message ...')
#1 /var/www/html/index.php(188): include('/var/www/html/h...')
#2 {main}
  thrown in /var/www/html/header_user.php on line 10
[08-Nov-2025 12:31:46 UTC] PHP Fatal error:  Uncaught mysqli_sql_exception: Table 'lagos.top_bar_info' doesn't exist in /var/www/html/header_user.php:10
Stack trace:
#0 /var/www/html/header_user.php(10): mysqli_query(Object(mysqli), 'SELECT message ...')
#1 /var/www/html/index.php(188): include('/var/www/html/h...')
#2 {main}
  thrown in /var/www/html/header_user.php on line 10
[08-Nov-2025 12:35:43 UTC] PHP Fatal error:  Uncaught mysqli_sql_exception: Table 'lagos.top_bar_info' doesn't exist in /var/www/html/header_user.php:10
Stack trace:
#0 /var/www/html/header_user.php(10): mysqli_query(Object(mysqli), 'SELECT message ...')
#1 /var/www/html/index.php(188): include('/var/www/html/h...')
#2 {main}
  thrown in /var/www/html/header_user.php on line 10
[08-Nov-2025 12:36:11 UTC] PHP Fatal error:  Uncaught mysqli_sql_exception: Table 'lagos.top_bar_info' doesn't exist in /var/www/html/header_user.php:10
Stack trace:
#0 /var/www/html/header_user.php(10): mysqli_query(Object(mysqli), 'SELECT message ...')
#1 /var/www/html/index.php(188): include('/var/www/html/h...')
#2 {main}
  thrown in /var/www/html/header_user.php on line 10
